"../../../Engine/Content/EditorBlueprintResources/StandardMacros.uasset" 0
"../../../../../WorkInProgess/RewindProject/Content/Hands/Character/Mesh/MannequinHand_Right_Skeleton.uasset" 1
"../../../../../WorkInProgess/RewindProject/Content/Hands/Animations/MannequinHand_Right_CanGrab.uasset" 2
"../../../../../WorkInProgess/RewindProject/Content/Hands/Animations/MannequinHand_Right_Grab.uasset" 3
"../../../../../WorkInProgess/RewindProject/Content/Hands/Animations/MannequinHand_Right_Open.uasset" 4
"../../../../../WorkInProgess/RewindProject/Content/Hands/Animations/RightGrip_BS.uasset" 5
"../../../../../WorkInProgess/RewindProject/Content/Blueprint/Enum_Struct_Interfaces/GripEnum.uasset" 6
"../../../../../WorkInProgess/RewindProject/Content/Hands/Animations/RightHand_AnimBP.uasset" 7
"../../../../../WorkInProgess/RewindProject/Content/Blueprint/Enum_Struct_Interfaces/EGrabBehavior.uasset" 8
"../../../../../WorkInProgess/RewindProject/Content/Blueprint/Enum_Struct_Interfaces/PickupActorInterface.uasset" 9
"../../../../../WorkInProgess/RewindProject/Content/Blueprint/MotionControllerHaptics.uasset" 10
"../../../Engine/Content/Functions/Engine_MaterialFunctions02/Utility/BreakOutFloat2Components.uasset" 11
"../../../Engine/Content/Functions/Engine_MaterialFunctions01/Texturing/ScaleUVsByCenter.uasset" 12
"../../../Engine/Content/Functions/Engine_MaterialFunctions02/ScreenResolution.uasset" 13
"../../../Engine/Content/Functions/Engine_MaterialFunctions02/Texturing/ScreenAlignedUVs.uasset" 14
"../../../Engine/Content/Functions/Engine_MaterialFunctions02/Utility/CameraDirectionVector.uasset" 15
"../../../Engine/Content/Functions/Engine_MaterialFunctions02/Utility/DepthFromWorldPosition.uasset" 16
"../../../../../WorkInProgess/RewindProject/Content/Material/MF_OccludedPixels.uasset" 17
"../../../../../WorkInProgess/RewindProject/Content/Material/TeleportMCP.uasset" 18
"../../../Engine/Content/EngineMaterials/Good64x64TilingNoiseHighFreq.uasset" 19
"../../../../../WorkInProgess/RewindProject/Content/Material/M_ArcEndpoint.uasset" 20
"../../../../../WorkInProgess/RewindProject/Content/Material/M_SplineArcMat.uasset" 21
"../../../../../WorkInProgess/RewindProject/Content/Material/M_TeleportPreviews.uasset" 22
"../../../../../WorkInProgess/RewindProject/Content/Material/MI_ChaperoneOutline.uasset" 23
"../../../Engine/Content/Functions/Engine_MaterialFunctions01/Opacity/CameraDepthFade.uasset" 24
"../../../Engine/Content/EngineMaterials/T_Default_Material_Grid_M.uasset" 25
"../../../Engine/Content/EngineMaterials/T_Default_Material_Grid_N.uasset" 26
"../../../Engine/Content/EngineMaterials/DefaultMaterial.uasset" 27
"../../../Engine/Content/BasicShapes/Sphere.uasset" 28
"../../../Engine/Content/EngineMaterials/WorldGridMaterial.uasset" 29
"../../../../../WorkInProgess/RewindProject/Content/Geometry/Meshes/1x1_cube.uasset" 30
"../../../../../WorkInProgess/RewindProject/Content/Geometry/Meshes/BeamMesh.uasset" 31
"../../../../../WorkInProgess/RewindProject/Content/Hands/Character/Textures/UE4_Mannequin__normals.uasset" 32
"../../../../../WorkInProgess/RewindProject/Content/Hands/Character/Textures/UE4_Mannequin_MAT_MASKA.uasset" 33
"../../../../../WorkInProgess/RewindProject/Content/Hands/Character/Materials/M_HandMat.uasset" 34
"../../../../../WorkInProgess/RewindProject/Content/Hands/Character/Mesh/MannequinHand_Right_PhysicsAsset.uasset" 35
"../../../../../WorkInProgess/RewindProject/Content/Hands/Character/Mesh/MannequinHand_Right.uasset" 36
"../../../../../WorkInProgess/RewindProject/Content/Blueprint/BP_MotionController.uasset" 37
"../../../../../WorkInProgess/RewindProject/Content/Material/EASYGRID/Master/Maps/GRID2/grid_cross_1024.uasset" 38
"../../../../../WorkInProgess/RewindProject/Content/Material/EASYGRID/Master/Maps/GRID2/grid_cross_256.uasset" 39
"../../../../../WorkInProgess/RewindProject/Content/Material/EASYGRID/Master/Maps/GRID2/grid_cross_512.uasset" 40
"../../../../../WorkInProgess/RewindProject/Content/Material/EASYGRID/Master/Maps/GRID2/grid_cross_simple.uasset" 41
"../../../../../WorkInProgess/RewindProject/Content/Material/EASYGRID/Master/Maps/GRID_1024A.uasset" 42
"../../../../../WorkInProgess/RewindProject/Content/Material/EASYGRID/Master/Maps/GRID_256A.uasset" 43
"../../../../../WorkInProgess/RewindProject/Content/Material/EASYGRID/Master/Maps/GRID_512A.uasset" 44
"../../../../../WorkInProgess/RewindProject/Content/Material/EASYGRID/Master/Maps/GRID_simpleA.uasset" 45
"../../../../../WorkInProgess/RewindProject/Content/Material/EASYGRID/Master/M_masterGRID.uasset" 46
"../../../../../WorkInProgess/RewindProject/Content/Material/EASYGRID/M_Grid_Green.uasset" 47
"../../../../../WorkInProgess/RewindProject/Content/StarterContent/Materials/M_Basic_Wall.uasset" 48
"../../../../../WorkInProgess/RewindProject/Content/StarterContent/Shapes/Shape_Cylinder.uasset" 49
"../../../../../WorkInProgess/RewindProject/Content/Blueprint/BP_Fils.uasset" 50
"../../../../../WorkInProgess/RewindProject/Content/Blueprint/Enum_Struct_Interfaces/UsableInterface.uasset" 51
"../../../../../WorkInProgess/RewindProject/Content/Blueprint/MotionControllerPawn.uasset" 52
"../../../../../WorkInProgess/RewindProject/Content/import/pliers/SM_pliers-two-parts_noUV_handle1.uasset" 53
"../../../../../WorkInProgess/RewindProject/Content/import/pliers/SM_pliers_noUV_pliers_handle.uasset" 54
"../../../../../WorkInProgess/RewindProject/Content/Blueprint/BP_Plier.uasset" 55
"../../../../../WorkInProgess/RewindProject/Content/Blueprint/BP_Timer.uasset" 56
"../../../../../WorkInProgess/RewindProject/Content/Material/Material.uasset" 57
"../../../../../WorkInProgess/RewindProject/Content/Material/Material_Red.uasset" 58
"../../../../../WorkInProgess/RewindProject/Content/import/materials/lambert1.uasset" 59
"../../../../../WorkInProgess/RewindProject/Content/import/desk/Item_Desk_no_UV_Item_Desk_Drawer_3.uasset" 60
"../../../../../WorkInProgess/RewindProject/Content/StarterContent/Shapes/Shape_Plane.uasset" 61
"../../../../../WorkInProgess/RewindProject/Content/Blueprint/BP_BigDrawer.uasset" 62
"../../../../../WorkInProgess/RewindProject/Content/import/tools/no_uv/SM_screwdriver_noUV_screwdriver.uasset" 63
"../../../../../WorkInProgess/RewindProject/Content/Blueprint/BP_ScrewDriver.uasset" 64
"../../../../../WorkInProgess/RewindProject/Content/Blueprint/BP_Screw.uasset" 65
"../../../../../WorkInProgess/RewindProject/Content/import/bomb/Item_Bomb_Panel.uasset" 66
"../../../../../WorkInProgess/RewindProject/Content/Blueprint/BP_BombPanel.uasset" 67
"../../../../../WorkInProgess/RewindProject/Content/Blueprint/BP_ColorPanelCover.uasset" 68
"../../../../../WorkInProgess/RewindProject/Content/Material/RedBombe.uasset" 69
"../../../../../WorkInProgess/RewindProject/Content/import/bomb/Item_BombCore.uasset" 70
"../../../../../WorkInProgess/RewindProject/Content/Blueprint/BP_CoreBomb.uasset" 71
"../../../../../WorkInProgess/RewindProject/Content/Geometry/Meshes/CubeMaterial.uasset" 72
"../../../../../WorkInProgess/RewindProject/Content/Geometry/Meshes/1M_Cube.uasset" 73
"../../../../../WorkInProgess/RewindProject/Content/Blueprint/BP_RewindableObject.uasset" 74
"../../../../../WorkInProgess/RewindProject/Content/Material/EASYGRID/M_Grid_Yellow.uasset" 75
"../../../../../WorkInProgess/RewindProject/Content/Blueprint/BP_PickUpObject.uasset" 76
"../../../../../WorkInProgess/RewindProject/Content/import/phone/item_desk_phone_phone.uasset" 77
"../../../../../WorkInProgess/RewindProject/Content/Sounds/Ambiant/0.uasset" 78
"../../../../../WorkInProgess/RewindProject/Content/Sounds/Ambiant/1.uasset" 79
"../../../../../WorkInProgess/RewindProject/Content/Sounds/Ambiant/2.uasset" 80
"../../../../../WorkInProgess/RewindProject/Content/Sounds/Ambiant/3.uasset" 81
"../../../../../WorkInProgess/RewindProject/Content/Sounds/Ambiant/4.uasset" 82
"../../../../../WorkInProgess/RewindProject/Content/Sounds/Ambiant/5.uasset" 83
"../../../../../WorkInProgess/RewindProject/Content/Sounds/Ambiant/6.uasset" 84
"../../../../../WorkInProgess/RewindProject/Content/Sounds/Ambiant/7.uasset" 85
"../../../../../WorkInProgess/RewindProject/Content/Sounds/Ambiant/8.uasset" 86
"../../../../../WorkInProgess/RewindProject/Content/Sounds/Ambiant/9.uasset" 87
"../../../../../WorkInProgess/RewindProject/Content/Blueprint/BP_Phone.uasset" 88
"../../../../../WorkInProgess/RewindProject/Content/import/tools/item_hammer_uv_handle.uasset" 89
"../../../../../WorkInProgess/RewindProject/Content/Blueprint/BP_Hammer.uasset" 90
"../../../../../WorkInProgess/RewindProject/Content/Blueprint/BP_Destructible.uasset" 91
"../../../../../WorkInProgess/RewindProject/Content/Blueprint/Enum_Struct_Interfaces/E_Boutons.uasset" 92
"../../../../../WorkInProgess/RewindProject/Content/StarterContent/Shapes/Shape_Sphere.uasset" 93
"../../../../../WorkInProgess/RewindProject/Content/Blueprint/BP_ButtonBase.uasset" 94
"../../../../../WorkInProgess/RewindProject/Content/Material/GenericHMDMaterial.uasset" 95
"../../../../../WorkInProgess/RewindProject/Content/import/phone/item_desk_phone_button_00.uasset" 96
"../../../../../WorkInProgess/RewindProject/Content/import/phone/item_desk_phone_button_01.uasset" 97
"../../../../../WorkInProgess/RewindProject/Content/import/phone/item_desk_phone_button_02.uasset" 98
"../../../../../WorkInProgess/RewindProject/Content/import/phone/item_desk_phone_button_03.uasset" 99
"../../../../../WorkInProgess/RewindProject/Content/import/phone/item_desk_phone_button_04.uasset" 100
"../../../../../WorkInProgess/RewindProject/Content/import/phone/item_desk_phone_button_05.uasset" 101
"../../../../../WorkInProgess/RewindProject/Content/import/phone/item_desk_phone_button_06.uasset" 102
"../../../../../WorkInProgess/RewindProject/Content/import/phone/item_desk_phone_button_07.uasset" 103
"../../../../../WorkInProgess/RewindProject/Content/import/phone/item_desk_phone_button_08.uasset" 104
"../../../../../WorkInProgess/RewindProject/Content/import/phone/item_desk_phone_button_09.uasset" 105
"../../../../../WorkInProgess/RewindProject/Content/import/phone/item_desk_phone_button_back.uasset" 106
"../../../../../WorkInProgess/RewindProject/Content/import/phone/item_desk_phone_button_reset.uasset" 107
"../../../../../WorkInProgess/RewindProject/Content/import/phone/item_desk_phone_phone_base.uasset" 108
"../../../../../WorkInProgess/RewindProject/Content/import/phone/item_desk_phone_screen.uasset" 109
"../../../../../WorkInProgess/RewindProject/Content/Sounds/Ambiant/BipPhone.uasset" 110
"../../../../../WorkInProgess/RewindProject/Content/Sounds/Ambiant/telephone-ring-04.uasset" 111
"../../../../../WorkInProgess/RewindProject/Content/Sounds/SC_PhoneRing.uasset" 112
"../../../../../WorkInProgess/RewindProject/Content/Blueprint/BP_PhoneBase.uasset" 113
"../../../../../WorkInProgess/RewindProject/Content/import/materials/Gris.uasset" 114
"../../../../../WorkInProgess/RewindProject/Content/import/materials/Jaune.uasset" 115
"../../../../../WorkInProgess/RewindProject/Content/import/Ctrl_Panel/Item_Ctrl_Panel_no_UV_Item_Ctrl_Button_1.uasset" 116
"../../../../../WorkInProgess/RewindProject/Content/import/materials/Vert.uasset" 117
"../../../../../WorkInProgess/RewindProject/Content/import/Ctrl_Panel/Item_Ctrl_Panel_no_UV_Item_Ctrl_Button_2.uasset" 118
"../../../../../WorkInProgess/RewindProject/Content/import/materials/Rouge.uasset" 119
"../../../../../WorkInProgess/RewindProject/Content/import/Ctrl_Panel/Item_Ctrl_Panel_no_UV_Item_Ctrl_Button_3.uasset" 120
"../../../../../WorkInProgess/RewindProject/Content/import/materials/Bleu.uasset" 121
"../../../../../WorkInProgess/RewindProject/Content/import/Ctrl_Panel/Item_Ctrl_Panel_no_UV_Item_Ctrl_Button_4.uasset" 122
"../../../../../WorkInProgess/RewindProject/Content/import/materials/Grey.uasset" 123
"../../../../../WorkInProgess/RewindProject/Content/import/Ctrl_Panel/Item_Ctrl_Panel_no_UV_Item_Ctrl_Panel.uasset" 124
"../../../../../WorkInProgess/RewindProject/Content/Blueprint/BP_ColorPanel.uasset" 125
"../../../../../WorkInProgess/RewindProject/Content/Blueprint/Enum_Struct_Interfaces/E_Drawers.uasset" 126
"../../../../../WorkInProgess/RewindProject/Content/import/desk/Item_Desk_no_UV_Item_Desk_Drawer_1.uasset" 127
"../../../../../WorkInProgess/RewindProject/Content/Blueprint/BP_Drawer.uasset" 128
"../../../../../WorkInProgess/RewindProject/Content/Blueprint/BP_LockedDrawer.uasset" 129
"../../../../../WorkInProgess/RewindProject/Content/Material/blinn1.uasset" 130
"../../../../../WorkInProgess/RewindProject/Content/import/screen/envi_screen_middle_uv_borders.uasset" 131
"../../../../../WorkInProgess/RewindProject/Content/import/screen/envi_screen_middle_uv_screen_middle.uasset" 132
"../../../../../WorkInProgess/RewindProject/Content/Blueprint/BP_Screen.uasset" 133
"../../../../../WorkInProgess/RewindProject/Content/Material/MI_TeleportCylinderPreview.uasset" 134
"../../../Engine/Content/BasicShapes/Cylinder.uasset" 135
"../../../../../WorkInProgess/RewindProject/Content/Geometry/Meshes/BeaconDirection.uasset" 136
"../../../../../WorkInProgess/RewindProject/Content/Geometry/Meshes/SM_FatCylinder.uasset" 137
"../../../../../WorkInProgess/RewindProject/Content/Blueprint/HMDLocomotionPawn.uasset" 138
"../../../../../WorkInProgess/RewindProject/Content/Blueprint/MotionControllerPawn_FPS.uasset" 139
"../../../../../WorkInProgess/RewindProject/Content/Blueprint/Blueprints_old/BP_PickupBase.uasset" 140
"../../../../../WorkInProgess/RewindProject/Content/Blueprint/Blueprints_old/BP_Hammer2.uasset" 141
"../../../../../WorkInProgess/RewindProject/Content/Blueprint/Blueprints_old/BP_PickupPince.uasset" 142
"../../../../../WorkInProgess/RewindProject/Content/Blueprint/Enum_Struct_Interfaces/ButtonInterface.uasset" 143
"../../../../../WorkInProgess/RewindProject/Content/Geometry/Bombe_pCube2.uasset" 144
"../../../../../WorkInProgess/RewindProject/Content/Material/lambert1.uasset" 145
"../../../../../WorkInProgess/RewindProject/Content/Geometry/Bombe_pCube3.uasset" 146
"../../../../../WorkInProgess/RewindProject/Content/Geometry/Flashlight.uasset" 147
"../../../../../WorkInProgess/RewindProject/Content/Geometry/Hammer.uasset" 148
"../../../../../WorkInProgess/RewindProject/Content/Geometry/Phone.uasset" 149
"../../../../../WorkInProgess/RewindProject/Content/Geometry/PhoneBase.uasset" 150
"../../../../../WorkInProgess/RewindProject/Content/Geometry/Plier.uasset" 151
"../../../../../WorkInProgess/RewindProject/Content/Geometry/Radio.uasset" 152
"../../../../../WorkInProgess/RewindProject/Content/Geometry/Meshes/1M_Cube_Chamfer.uasset" 153
"../../../../../WorkInProgess/RewindProject/Content/Geometry/Meshes/GenericHMD.uasset" 154
"../../../../../WorkInProgess/RewindProject/Content/Geometry/Meshes/TemplateFloor.uasset" 155
"../../../../../WorkInProgess/RewindProject/Content/import/Chest/lambert1.uasset" 156
"../../../../../WorkInProgess/RewindProject/Content/import/Chest/Item_Vault_Door_UV_Item_Vault_Button_1.uasset" 157
"../../../../../WorkInProgess/RewindProject/Content/import/Chest/Item_Vault_Door_UV_Item_Vault_Button_2.uasset" 158
"../../../../../WorkInProgess/RewindProject/Content/import/Chest/Item_Vault_Door_UV_Item_Vault_Button_3.uasset" 159
"../../../../../WorkInProgess/RewindProject/Content/import/Chest/lambert13.uasset" 160
"../../../../../WorkInProgess/RewindProject/Content/import/Chest/Item_Vault_Door_UV_Item_Vault_Rondelle_1.uasset" 161
"../../../../../WorkInProgess/RewindProject/Content/import/Chest/Item_Vault_Door_UV_Item_Vault_Rondelle_2.uasset" 162
"../../../../../WorkInProgess/RewindProject/Content/import/Chest/Item_Vault_Door_UV_Item_Vault_Rondelle_3.uasset" 163
"../../../../../WorkInProgess/RewindProject/Content/import/Chest/Test_Vault_Lock_lambert1_BaseColor.uasset" 164
"../../../../../WorkInProgess/RewindProject/Content/import/Chest/Test_Vault_Lock_lambert1_Normal.uasset" 165
"../../../../../WorkInProgess/RewindProject/Content/import/Chest/Test_Vault_Lock_lambert1_OcclusionRoughnessMetallic.uasset" 166
"../../../../../WorkInProgess/RewindProject/Content/import/Chest/RoueTest.uasset" 167
"../../../../../WorkInProgess/RewindProject/Content/import/Chest/Test_Vault_Lock.uasset" 168
"../../../../../WorkInProgess/RewindProject/Content/import/desk/Item_Desk_no_UV_Item_Desk_Button.uasset" 169
"../../../../../WorkInProgess/RewindProject/Content/import/desk/Item_Desk_no_UV_Item_Desk_Button_Base.uasset" 170
"../../../../../WorkInProgess/RewindProject/Content/import/desk/Item_Desk_no_UV_Item_Desk_Drawer_2.uasset" 171
"../../../../../WorkInProgess/RewindProject/Content/import/desk/Item_Desk_no_UV_Item_Desk_Trap_Phone.uasset" 172
"../../../../../WorkInProgess/RewindProject/Content/import/materials/lamp_lambert.uasset" 173
"../../../../../WorkInProgess/RewindProject/Content/import/lamp/uv/envi_desk_lamp_uv_lamp_base.uasset" 174
"../../../../../WorkInProgess/RewindProject/Content/import/lamp/uv/envi_desk_lamp_uv_lamp_end.uasset" 175
"../../../../../WorkInProgess/RewindProject/Content/import/lamp/uv/envi_desk_lamp_uv_lamp_head.uasset" 176
"../../../../../WorkInProgess/RewindProject/Content/import/lamp/uv/envi_desk_lamp_uv_lamp_middle.uasset" 177
"../../../../../WorkInProgess/RewindProject/Content/import/lamp/uv/envi_desk_lamp_uv_lamp_pivot_01.uasset" 178
"../../../../../WorkInProgess/RewindProject/Content/import/lamp/uv/envi_desk_lamp_uv_lamp_pivot_02.uasset" 179
"../../../../../WorkInProgess/RewindProject/Content/import/lamp/uv/envi_desk_lamp_uv_lamp_pivot_thing.uasset" 180
"../../../../../WorkInProgess/RewindProject/Content/import/materials/Default_Material.uasset" 181
"../../../../../WorkInProgess/RewindProject/Content/import/lamp/uv/envi_desk_lamp_uv_lamp_screws.uasset" 182
"../../../../../WorkInProgess/RewindProject/Content/import/Radio/lambert1.uasset" 183
"../../../../../WorkInProgess/RewindProject/Content/import/Radio/Envi_Radio_UV_Envi_Radio_Button.uasset" 184
"../../../../../WorkInProgess/RewindProject/Content/import/materials/roof_lights.uasset" 185
"../../../../../WorkInProgess/RewindProject/Content/import/roof/uv/envi_roof_uv_lamps.uasset" 186
"../../../../../WorkInProgess/RewindProject/Content/import/materials/roof_lambert.uasset" 187
"../../../../../WorkInProgess/RewindProject/Content/import/roof/uv/envi_roof_uv_roof.uasset" 188
"../../../../../WorkInProgess/RewindProject/Content/import/screen/envi_screen_side_uv_borders.uasset" 189
"../../../../../WorkInProgess/RewindProject/Content/import/screen/envi_screen_side_uv_screen_middle.uasset" 190
"../../../../../WorkInProgess/RewindProject/Content/import/toolbox/anim/A_tool_box_Clap.uasset" 191
"../../../../../WorkInProgess/RewindProject/Content/import/toolbox/anim/A_tool_box_Handle.uasset" 192
"../../../../../WorkInProgess/RewindProject/Content/import/toolbox/anim/A_tool_box_Main_Box.uasset" 193
"../../../../../WorkInProgess/RewindProject/Content/import/materials/torche_lambert.uasset" 194
"../../../../../WorkInProgess/RewindProject/Content/import/tools/item_torch_uv_torch.uasset" 195
"../../../../../WorkInProgess/RewindProject/Content/import/materials/torche_emissiv.uasset" 196
"../../../../../WorkInProgess/RewindProject/Content/import/tools/item_torch_uv_torch_emissiv.uasset" 197
"../../../../../WorkInProgess/RewindProject/Content/import/vault/Item_Vault_no_UV_Item_Vault_Door.uasset" 198
"../../../../../WorkInProgess/RewindProject/Content/Material/M_BaseMaterial.uasset" 199
"../../../../../WorkInProgess/RewindProject/Content/Material/MI_SmallCubes.uasset" 200
"../../../../../WorkInProgess/RewindProject/Content/Material/RedBombe1.uasset" 201
"../../../../../WorkInProgess/RewindProject/Content/Material/EASYGRID/M_default_inst.uasset" 202
"../../../../../WorkInProgess/RewindProject/Content/Material/EASYGRID/M_Grid_Neon.uasset" 203
"../../../../../WorkInProgess/RewindProject/Content/Material/EASYGRID/M_Grid_simple.uasset" 204
"../../../../../WorkInProgess/RewindProject/Content/Material/EASYGRID/M_Motif2_Default_inst.uasset" 205
"../../../../../WorkInProgess/RewindProject/Content/Material/EASYGRID/M_Motif2_Neon_inst.uasset" 206
"../../../../../WorkInProgess/RewindProject/Content/Material/EASYGRID/M_White_Other.uasset" 207
"../../../../../WorkInProgess/RewindProject/Content/Sounds/Musics/Bullet_Archive_exe.uasset" 208
"../../../../../WorkInProgess/RewindProject/Content/StarterContent/Architecture/Pillar_50x500.uasset" 209
"../../../../../WorkInProgess/RewindProject/Content/StarterContent/Architecture/Wall_400x300.uasset" 210
"../../../../../WorkInProgess/RewindProject/Content/StarterContent/Architecture/Wall_400x400.uasset" 211
"../../../../../WorkInProgess/RewindProject/Content/StarterContent/Architecture/Wall_500x500.uasset" 212
"../../../../../WorkInProgess/RewindProject/Content/StarterContent/Architecture/Wall_Door_400x400.uasset" 213
"../../../../../WorkInProgess/RewindProject/Content/StarterContent/Architecture/Wall_Window_400x400.uasset" 214
"../../../../../WorkInProgess/RewindProject/Content/StarterContent/Audio/Collapse01.uasset" 215
"../../../../../WorkInProgess/RewindProject/Content/StarterContent/Audio/Collapse02.uasset" 216
"../../../../../WorkInProgess/RewindProject/Content/StarterContent/Audio/Explosion01.uasset" 217
"../../../../../WorkInProgess/RewindProject/Content/StarterContent/Audio/Explosion02.uasset" 218
"../../../../../WorkInProgess/RewindProject/Content/StarterContent/Audio/Fire01.uasset" 219
"../../../../../WorkInProgess/RewindProject/Content/StarterContent/Audio/Fire_Sparks01.uasset" 220
"../../../../../WorkInProgess/RewindProject/Content/StarterContent/Audio/Light01.uasset" 221
"../../../../../WorkInProgess/RewindProject/Content/StarterContent/Audio/Light01_Cue.uasset" 222
"../../../../../WorkInProgess/RewindProject/Content/StarterContent/Audio/Light02.uasset" 223
"../../../../../WorkInProgess/RewindProject/Content/StarterContent/Audio/Light02_Cue.uasset" 224
"../../../../../WorkInProgess/RewindProject/Content/StarterContent/Audio/Smoke01.uasset" 225
"../../../../../WorkInProgess/RewindProject/Content/StarterContent/Audio/Starter_Birds01.uasset" 226
"../../../../../WorkInProgess/RewindProject/Content/StarterContent/Audio/Starter_Music01.uasset" 227
"../../../../../WorkInProgess/RewindProject/Content/StarterContent/Audio/Starter_Wind05.uasset" 228
"../../../../../WorkInProgess/RewindProject/Content/StarterContent/Audio/Starter_Wind06.uasset" 229
"../../../../../WorkInProgess/RewindProject/Content/StarterContent/Audio/Steam01.uasset" 230
"../../../../../WorkInProgess/RewindProject/Content/StarterContent/Audio/Explosion_Cue.uasset" 231
"../../../../../WorkInProgess/RewindProject/Content/StarterContent/Textures/T_Burst_M.uasset" 232
"../../../../../WorkInProgess/RewindProject/Content/StarterContent/Particles/Materials/M_Burst.uasset" 233
"../../../../../WorkInProgess/RewindProject/Content/StarterContent/Textures/T_Explosion_SubUV.uasset" 234
"../../../../../WorkInProgess/RewindProject/Content/StarterContent/Particles/Materials/M_explosion_subUV.uasset" 235
"../../../../../WorkInProgess/RewindProject/Content/StarterContent/Particles/Materials/m_flare_01.uasset" 236
"../../../Engine/Content/Functions/Engine_MaterialFunctions01/Gradient/RadialGradient.uasset" 237
"../../../../../WorkInProgess/RewindProject/Content/StarterContent/Particles/Materials/M_radial_ramp.uasset" 238
"../../../../../WorkInProgess/RewindProject/Content/StarterContent/Textures/T_Smoke_SubUV.uasset" 239
"../../../../../WorkInProgess/RewindProject/Content/StarterContent/Textures/T_Smoke_Tiled_D.uasset" 240
"../../../../../WorkInProgess/RewindProject/Content/StarterContent/Particles/Materials/M_smoke_subUV.uasset" 241
"../../../../../WorkInProgess/RewindProject/Content/StarterContent/Particles/P_Explosion.uasset" 242
"../../../../../WorkInProgess/RewindProject/Content/StarterContent/Blueprints/Blueprint_Effect_Explosion.uasset" 243
"../../../../../WorkInProgess/RewindProject/Content/StarterContent/Textures/T_Bush_D.uasset" 244
"../../../../../WorkInProgess/RewindProject/Content/StarterContent/Textures/T_Bush_N.uasset" 245
"../../../../../WorkInProgess/RewindProject/Content/StarterContent/Props/Materials/M_Bush.uasset" 246
"../../../../../WorkInProgess/RewindProject/Content/StarterContent/Props/SM_Bush.uasset" 247
"../../../../../WorkInProgess/RewindProject/Content/StarterContent/Textures/T_Chair_M.uasset" 248
"../../../../../WorkInProgess/RewindProject/Content/StarterContent/Textures/T_Chair_N.uasset" 249
"../../../../../WorkInProgess/RewindProject/Content/StarterContent/Props/Materials/M_Chair.uasset" 250
"../../../../../WorkInProgess/RewindProject/Content/StarterContent/Props/SM_Couch.uasset" 251
"../../../../../WorkInProgess/RewindProject/Content/StarterContent/Materials/M_Glass.uasset" 252
"../../../../../WorkInProgess/RewindProject/Content/StarterContent/Textures/T_Door_M.uasset" 253
"../../../../../WorkInProgess/RewindProject/Content/StarterContent/Textures/T_Door_N.uasset" 254
"../../../../../WorkInProgess/RewindProject/Content/StarterContent/Props/Materials/M_Door.uasset" 255
"../../../../../WorkInProgess/RewindProject/Content/StarterContent/Props/SM_Door.uasset" 256
"../../../../../WorkInProgess/RewindProject/Content/StarterContent/Props/Materials/M_MaterialSphere.uasset" 257
"../../../../../WorkInProgess/RewindProject/Content/StarterContent/Props/Materials/M_MaterialSphere_Plain.uasset" 258
"../../../../../WorkInProgess/RewindProject/Content/StarterContent/Props/SM_MatPreviewMesh_02.uasset" 259
"../../../Engine/Content/Functions/Engine_MaterialFunctions02/Utility/BlendAngleCorrectedNormals.uasset" 260
"../../../../../WorkInProgess/RewindProject/Content/StarterContent/Textures/T_Detail_Rocky_N.uasset" 261
"../../../../../WorkInProgess/RewindProject/Content/StarterContent/Textures/T_Rock_Basalt_D.uasset" 262
"../../../../../WorkInProgess/RewindProject/Content/StarterContent/Textures/T_RockMesh_M.uasset" 263
"../../../../../WorkInProgess/RewindProject/Content/StarterContent/Textures/T_RockMesh_N.uasset" 264
"../../../../../WorkInProgess/RewindProject/Content/StarterContent/Props/Materials/M_Rock.uasset" 265
"../../../../../WorkInProgess/RewindProject/Content/StarterContent/Props/SM_Rock.uasset" 266
"../../../../../WorkInProgess/RewindProject/Content/StarterContent/Textures/T_Shelf_M.uasset" 267
"../../../../../WorkInProgess/RewindProject/Content/StarterContent/Textures/T_Shelf_N.uasset" 268
"../../../../../WorkInProgess/RewindProject/Content/StarterContent/Props/Materials/M_Shelf.uasset" 269
"../../../../../WorkInProgess/RewindProject/Content/StarterContent/Props/SM_Shelf.uasset" 270
"../../../../../WorkInProgess/RewindProject/Content/StarterContent/Materials/M_Basic_Floor.uasset" 271
"../../../../../WorkInProgess/RewindProject/Content/StarterContent/Props/SM_Stairs.uasset" 272
"../../../../../WorkInProgess/RewindProject/Content/StarterContent/Shapes/Shape_Cone.uasset" 273
"../../../../../WorkInProgess/RewindProject/Content/StarterContent/Shapes/Shape_NarrowCapsule.uasset" 274
"../../../../../WorkInProgess/RewindProject/Content/StarterContent/Shapes/Shape_Pipe.uasset" 275
"../../../../../WorkInProgess/RewindProject/Content/StarterContent/Shapes/Shape_Pipe_180.uasset" 276
"../../../../../WorkInProgess/RewindProject/Content/StarterContent/Shapes/Shape_Pipe_90.uasset" 277
"../../../../../WorkInProgess/RewindProject/Content/StarterContent/Shapes/Shape_Torus.uasset" 278
"../../../../../WorkInProgess/RewindProject/Content/StarterContent/Shapes/Shape_Trim.uasset" 279
"../../../../../WorkInProgess/RewindProject/Content/StarterContent/Shapes/Shape_Trim_90_In.uasset" 280
"../../../../../WorkInProgess/RewindProject/Content/StarterContent/Shapes/Shape_Trim_90_Out.uasset" 281
"../../../../../WorkInProgess/RewindProject/Content/StarterContent/Shapes/Shape_TriPyramid.uasset" 282
"../../../../../WorkInProgess/RewindProject/Content/StarterContent/Shapes/Shape_Tube.uasset" 283
"../../../../../WorkInProgess/RewindProject/Content/StarterContent/Shapes/Shape_Wedge_A.uasset" 284
"../../../../../WorkInProgess/RewindProject/Content/StarterContent/Shapes/Shape_Wedge_B.uasset" 285
"../../../../../WorkInProgess/RewindProject/Content/StarterContent/Shapes/Shape_WideCapsule.uasset" 286
"../../../Engine/Content/Animation/DefaultAnimCurveCompressionSettings.uasset" 287
"../../../Engine/Content/ArtTools/RenderToTexture/Meshes/S_1_Unit_Plane.uasset" 288
"../../../Engine/Content/BasicShapes/Cone.uasset" 289
"../../../Engine/Content/BasicShapes/Plane.uasset" 290
"../../../Engine/Content/EditorLandscapeResources/DataLayer.uasset" 291
"../../../Engine/Content/EditorMaterials/MAT_Groups_Toggle.uasset" 292
"../../../Engine/Content/EditorMaterials/MAT_Groups_Visibility.uasset" 293
"../../../Engine/Content/EditorMaterials/PreviewShadowIndicator.uasset" 294
"../../../Engine/Content/EditorMaterials/PreviewShadowIndicatorMaterial.uasset" 295
"../../../Engine/Content/EditorMaterials/MatineeGroups/MAT_ColorTrack.uasset" 296
"../../../Engine/Content/EditorMaterials/MatineeGroups/MAT_Groups_Anim.uasset" 297
"../../../Engine/Content/EditorMaterials/MatineeGroups/MAT_Groups_AudioMaster.uasset" 298
"../../../Engine/Content/EditorMaterials/MatineeGroups/MAT_Groups_Director.uasset" 299
"../../../Engine/Content/EditorMaterials/MatineeGroups/MAT_Groups_Event.uasset" 300
"../../../Engine/Content/EditorMaterials/MatineeGroups/MAT_Groups_Fade.uasset" 301
"../../../Engine/Content/EditorMaterials/MatineeGroups/MAT_Groups_Float.uasset" 302
"../../../Engine/Content/EditorMaterials/MatineeGroups/MAT_Groups_Move.uasset" 303
"../../../Engine/Content/EditorMaterials/MatineeGroups/MAT_Groups_Slomo.uasset" 304
"../../../Engine/Content/EditorMaterials/MatineeGroups/MAT_Groups_Sound.uasset" 305
"../../../Engine/Content/EditorMaterials/MatineeGroups/MAT_Groups_Vector.uasset" 306
"../../../Engine/Content/EditorMaterials/ParticleSystems/PSysThumbnail_NoImage.uasset" 307
"../../../Engine/Content/EditorMaterials/ParticleSystems/PSysThumbnail_OOD.uasset" 308
"../../../Engine/Content/EditorMaterials/Camera/CineMat.uasset" 309
"../../../Engine/Content/EditorMaterials/Camera/MI_CineMat_Rig.uasset" 310
"../../../Engine/Content/EditorMeshes/Camera/SM_CraneRig_Arm.uasset" 311
"../../../Engine/Content/EditorMeshes/Camera/SM_CraneRig_Base.uasset" 312
"../../../Engine/Content/EditorMeshes/Camera/SM_CraneRig_Body.uasset" 313
"../../../Engine/Content/EditorMeshes/Camera/SM_CraneRig_Mount.uasset" 314
"../../../Engine/Content/EditorMeshes/Camera/SM_RailRig_Mount.uasset" 315
"../../../Engine/Content/EditorMeshes/Camera/SM_RailRig_Track.uasset" 316
"../../../Engine/Content/EditorResources/BSPVertex.uasset" 317
"../../../Engine/Content/EditorResources/EmptyActor.uasset" 318
"../../../Engine/Content/EditorResources/S_Actor.uasset" 319
"../../../Engine/Content/EditorResources/S_Note.uasset" 320
"../../../Engine/Content/EditorResources/S_Solver.uasset" 321
"../../../Engine/Content/EditorResources/S_Trigger.uasset" 322
"../../../Engine/Content/EditorResources/AudioIcons/S_AudioComponent.uasset" 323
"../../../Engine/Content/EditorResources/AudioIcons/S_AudioComponent_AutoActivate.uasset" 324
"../../../Engine/Content/EditorResources/LightIcons/S_LightError.uasset" 325
"../../../Engine/Content/EditorResources/SequenceRecorder/Countdown.uasset" 326
"../../../Engine/Content/EditorResources/SequenceRecorder/RecordingIndicator.uasset" 327
"../../../Engine/Content/EditorSounds/Notifications/CompileFailed.uasset" 328
"../../../Engine/Content/EditorSounds/Notifications/CompileFailed_Cue.uasset" 329
"../../../Engine/Content/EditorSounds/Notifications/CompileSuccess.uasset" 330
"../../../Engine/Content/EditorSounds/Notifications/CompileStart_Cue.uasset" 331
"../../../Engine/Content/EditorSounds/Notifications/CompileSuccess_Cue.uasset" 332
"../../../Engine/Content/EngineDamageTypes/DmgTypeBP_Environmental.uasset" 333
"../../../Engine/Content/EngineDebugMaterials/DebugEditorMaterial.uasset" 334
"../../../Engine/Content/EngineDebugMaterials/DebugMeshMaterial.uasset" 335
"../../../Engine/Content/EngineDebugMaterials/M_SimpleTranslucent.uasset" 336
"../../../Engine/Content/EngineDebugMaterials/VolumeToRender.uasset" 337
"../../../Engine/Content/EngineDebugMaterials/M_VolumeRenderSphereTracePP.uasset" 338
"../../../Engine/Content/EngineDebugMaterials/WireframeMaterial.uasset" 339
"../../../Engine/Content/EngineFonts/Faces/DroidSansFallback.uasset" 340
"../../../Engine/Content/EngineFonts/Faces/RobotoBold.uasset" 341
"../../../Engine/Content/EngineFonts/Faces/RobotoBoldItalic.uasset" 342
"../../../Engine/Content/EngineFonts/Faces/RobotoItalic.uasset" 343
"../../../Engine/Content/EngineFonts/Faces/RobotoLight.uasset" 344
"../../../Engine/Content/EngineFonts/Faces/RobotoRegular.uasset" 345
"../../../Engine/Content/EngineFonts/Roboto.uasset" 346
"../../../Engine/Content/EngineMaterials/BaseFlattenDiffuseMap.uasset" 347
"../../../Engine/Content/EngineMaterials/BaseFlattenEmissiveMap.uasset" 348
"../../../Engine/Content/EngineMaterials/BaseFlattenGrayscaleMap.uasset" 349
"../../../Engine/Content/EngineMaterials/BaseFlattenNormalMap.uasset" 350
"../../../Engine/Content/EngineMaterials/BaseFlattenMaterial.uasset" 351
"../../../Engine/Content/EngineMaterials/BlueNoise.uasset" 352
"../../../Engine/Content/EngineMaterials/DefaultBloomKernel.uasset" 353
"../../../Engine/Content/EngineMaterials/DefaultBokeh.uasset" 354
"../../../Engine/Content/EngineMaterials/DefaultDiffuse.uasset" 355
"../../../Engine/Content/EngineMaterials/DefaultDeferredDecalMaterial.uasset" 356
"../../../Engine/Content/EngineMaterials/DefaultLightFunctionMaterial.uasset" 357
"../../../Engine/Content/EngineMaterials/DefaultPhysicalMaterial.uasset" 358
"../../../Engine/Content/EngineMaterials/DefaultPostProcessMaterial.uasset" 359
"../../../Engine/Content/EngineFonts/RobotoDistanceField.uasset" 360
"../../../Engine/Content/EngineMaterials/DefaultTextMaterialOpaque.uasset" 361
"../../../Engine/Content/EngineMaterials/DefaultVirtualTextureMaterial.uasset" 362
"../../../Engine/Content/EngineMaterials/DefaultWhiteGrid.uasset" 363
"../../../Engine/Content/EngineMaterials/DefaultWhiteGrid_Low.uasset" 364
"../../../Engine/Content/EngineMaterials/EmissiveMeshMaterial.uasset" 365
"../../../Engine/Content/EngineMaterials/GizmoMaterial.uasset" 366
"../../../Engine/Content/EngineMaterials/HairDefaultMaterial.uasset" 367
"../../../Engine/Content/EngineMaterials/MiniFont.uasset" 368
"../../../Engine/Content/EngineMaterials/InvalidLightmapSettings.uasset" 369
"../../../Engine/Content/EngineMaterials/M_InvalidLightmapSettings.uasset" 370
"../../../Engine/Content/Functions/Engine_MaterialFunctions02/WorldPositionOffset/CameraOffset.uasset" 371
"../../../Engine/Content/EngineMaterials/PhAT_JointLimitMaterial.uasset" 372
"../../../Engine/Content/EngineMaterials/PreintegratedSkinBRDF.uasset" 373
"../../../Engine/Content/EngineMaterials/RemoveSurfaceMaterial.uasset" 374
"../../../Engine/Content/EngineMaterials/WeightMapPlaceholderTexture.uasset" 375
"../../../Engine/Content/EngineResources/WhiteSquareTexture.uasset" 376
"../../../Engine/Content/EngineMaterials/Widget3DPassThrough.uasset" 377
"../../../Engine/Content/EngineMaterials/Widget3DPassThrough_Masked.uasset" 378
"../../../Engine/Content/EngineMaterials/Widget3DPassThrough_Opaque.uasset" 379
"../../../Engine/Content/EngineMaterials/Widget3DPassThrough_Masked_OneSided.uasset" 380
"../../../Engine/Content/EngineMaterials/Widget3DPassThrough_Opaque_OneSided.uasset" 381
"../../../Engine/Content/EngineMaterials/Widget3DPassThrough_Translucent.uasset" 382
"../../../Engine/Content/EngineMaterials/Widget3DPassThrough_Translucent_OneSided.uasset" 383
"../../../Engine/Content/EngineMeshes/Cylinder.uasset" 384
"../../../Engine/Content/EngineMeshes/Sphere.uasset" 385
"../../../Engine/Content/EngineResources/Black.uasset" 386
"../../../Engine/Content/EngineResources/DefaultTexture.uasset" 387
"../../../Engine/Content/EngineResources/DefaultTextureCube.uasset" 388
"../../../Engine/Content/EngineResources/DefaultVolumeTexture2D.uasset" 389
"../../../Engine/Content/EngineResources/DefaultVolumeTexture.uasset" 390
"../../../Engine/Content/EngineResources/GradientTexture0.uasset" 391
"../../../Engine/Content/EngineSounds/Master.uasset" 392
"../../../Engine/Content/Functions/Engine_MaterialFunctions01/Shading/ConvertFromDiffSpec.uasset" 393
"../../../Engine/Content/Functions/Engine_MaterialFunctions01/Shading/PowerToRoughness.uasset" 394
"../../../Engine/Content/Maps/Templates/Thumbnails/Default.uasset" 395
"../../../Engine/Content/Maps/Templates/Thumbnails/TimeOfDay.uasset" 396
"../../../Engine/Content/Maps/Templates/Thumbnails/VR-Basic.uasset" 397
"../../../Engine/Content/MobileResources/T_MobileControls_texture.uasset" 398
"../../../Engine/Content/MobileResources/T_MobileMenu2.uasset" 399
"../../../Engine/Content/MobileResources/HUD/AnalogHat.uasset" 400
"../../../Engine/Content/MobileResources/HUD/VirtualJoystick_Background.uasset" 401
"../../../Engine/Content/MobileResources/HUD/VirtualJoystick_Thumb.uasset" 402
"../../../Engine/Content/MobileResources/HUD/DefaultVirtualJoysticks.uasset" 403
"../../../Engine/Content/MobileResources/HUD/LeftVirtualJoystickOnly.uasset" 404
"../../../Engine/Content/MobileResources/HUD/MobileHUDButton1_off.uasset" 405
"../../../Engine/Content/MobileResources/HUD/MobileHUDButton1_on.uasset" 406
"../../../Engine/Content/MobileResources/HUD/MobileHUDButton2_off.uasset" 407
"../../../Engine/Content/MobileResources/HUD/MobileHUDButton2_on.uasset" 408
"../../../Engine/Content/MobileResources/HUD/MobileHUDButton3.uasset" 409
"../../../Engine/Content/MobileResources/HUD/MobileHUDButtonFire.uasset" 410
"../../../Engine/Content/MobileResources/HUD/MobileHUDDirectionPad.uasset" 411
"../../../Engine/Content/MobileResources/HUD/MobileHUDDirectionPad2.uasset" 412
"../../../Engine/Content/MobileResources/HUD/MobileHUDDirectionPad3.uasset" 413
"../../../Engine/Content/MobileResources/HUD/MobileHUDDirectionStick.uasset" 414
"../../../Engine/Content/MobileResources/HUD/T_Castle_ThumbstickInner.uasset" 415
"../../../Engine/Content/MobileResources/HUD/T_Castle_ThumbstickOutter.uasset" 416
"../../../Engine/Content/Tutorial/ContentIntroCurve.uasset" 417
"../../../Engine/Content/Tutorial/Basics/LevelEditorAttract.uasset" 418
"../../../Engine/Content/VREditor/LaserPointer/VR_LaserPower_01.uasset" 419
"../../../Engine/Content/VREditor/TransformGizmo/TransformGizmoMaterial.uasset" 420
"../../../Engine/Content/VREditor/TransformGizmo/TranslucentTransformGizmoMaterial.uasset" 421
"../../../Engine/Content/VREditor/TransformGizmo/BoundingBoxCorner.uasset" 422
"../../../Engine/Content/VREditor/TransformGizmo/BoundingBoxEdge.uasset" 423
"../../../Engine/Content/VREditor/TransformGizmo/PlaneTranslationHandle.uasset" 424
"../../../Engine/Content/VREditor/TransformGizmo/Main.uasset" 425
"../../../Engine/Content/VREditor/TransformGizmo/Xray.uasset" 426
"../../../Engine/Content/VREditor/TransformGizmo/SM_Sequencer_Key.uasset" 427
"../../../Engine/Content/VREditor/TransformGizmo/SM_Sequencer_Node.uasset" 428
"../../Plugins/2D/Paper2D/Content/PlaceholderTextures/DummySpriteTexture.uasset" 429
"../../Plugins/2D/Paper2D/Content/DummySprite.uasset" 430
"../../Plugins/2D/Paper2D/Content/DefaultPaperTerrainMaterial.uasset" 431
"../../Plugins/2D/Paper2D/Content/DummySpriteTexture.uasset" 432
"../../Plugins/2D/Paper2D/Content/DefaultSpriteMaterial.uasset" 433
"../../Plugins/2D/Paper2D/Content/MaskedUnlitSpriteMaterial.uasset" 434
"../../Plugins/2D/Paper2D/Content/OpaqueUnlitSpriteMaterial.uasset" 435
"../../../Engine/Content/Functions/Engine_MaterialFunctions02/Utility/BreakOutFloat4Components.uasset" 436
"../../../Engine/Content/Functions/Engine_MaterialFunctions02/Utility/MakeFloat2.uasset" 437
"../../../Engine/Content/Functions/Engine_MaterialFunctions02/Utility/MakeFloat3.uasset" 438
"../../Plugins/Runtime/Oculus/OculusVR/Content/Materials/OculusMR_ChromaKey.uasset" 439
"../../Plugins/Runtime/Oculus/OculusVR/Content/Materials/OculusMR_ChromaKey_Lit.uasset" 440
"../../Plugins/Runtime/Oculus/OculusVR/Content/Materials/OculusMR_OpaqueColoredMaterial.uasset" 441
"../../Plugins/Runtime/Oculus/OculusVR/Content/Materials/OculusMR_WhiteMaterial.uasset" 442
"../../../../../WorkInProgess/RewindProject/Content/import/Radio/Envi_Radio_UV_Envi_Radio.uasset" 443
"../../../../../WorkInProgess/RewindProject/Content/Sounds/Music/cyberpunk-2077-soundtrack-bullets-by-archive.uasset" 444
"../../../../../WorkInProgess/RewindProject/Content/Sounds/SC_Radio.uasset" 445
"../../../../../WorkInProgess/RewindProject/Content/Blueprint/BP_Radio.uasset" 446
"../../../../../WorkInProgess/RewindProject/Content/Material/EASYGRID/M_Grid_Blue.uasset" 447
"../../../../../WorkInProgess/RewindProject/Content/Material/MI_BaseMaterial3.uasset" 448
"../../../../../WorkInProgess/RewindProject/Content/import/bomb/Envi_Bomb.uasset" 449
"../../../../../WorkInProgess/RewindProject/Content/import/bomb/Item_Wires.uasset" 450
"../../../../../WorkInProgess/RewindProject/Content/Blueprint/BP_Bomb.uasset" 451
"../../../../../WorkInProgess/RewindProject/Content/Geometry/OutilBombe.uasset" 452
"../../../../../WorkInProgess/RewindProject/Content/Blueprint/BP_BombPlier.uasset" 453
"../../../Engine/Content/EditorMeshes/ColorCalibrator/T_ColorGrid.uasset" 454
"../../../../../WorkInProgess/RewindProject/Content/StarterContent/Materials/M_ColorGrid_LowSpec.uasset" 455
"../../../../../WorkInProgess/RewindProject/Content/import/Chest/Item_Vault_Door_UV_Item_Vault_Door.uasset" 456
"../../../../../WorkInProgess/RewindProject/Content/import/Chest/Item_Vault_Rondelle_UV.uasset" 457
"../../../../../WorkInProgess/RewindProject/Content/Blueprint/BP_Chest.uasset" 458
"../../../../../WorkInProgess/RewindProject/Content/Geometry/sk_desk_lamp_Physics.uasset" 459
"../../../../../WorkInProgess/RewindProject/Content/Geometry/sk_desk_lamp_Skeleton.uasset" 460
"../../../../../WorkInProgess/RewindProject/Content/Geometry/sk_desk_lamp.uasset" 461
"../../../../../WorkInProgess/RewindProject/Content/Blueprint/BP_Desklight.uasset" 462
"../../../../../WorkInProgess/RewindProject/Content/Material/M_Ampoule.uasset" 463
"../../../../../WorkInProgess/RewindProject/Content/import/tools/no_uv/SM_flashlight_noUV_Flashlight1.uasset" 464
"../../../../../WorkInProgess/RewindProject/Content/Blueprint/BP_Flashlight.uasset" 465
"../../../../../WorkInProgess/RewindProject/Content/Blueprint/BP_Lights.uasset" 466
"../../../../../WorkInProgess/RewindProject/Content/StarterContent/Particles/P_Steam_Lit.uasset" 467
"../../../../../WorkInProgess/RewindProject/Content/Blueprint/BP_Smoke.uasset" 468
"../../../../../WorkInProgess/RewindProject/Content/import/plant/uv/envi_plant_uv_leaves_01.uasset" 469
"../../../../../WorkInProgess/RewindProject/Content/import/plant/uv/envi_plant_uv_leaves_02.uasset" 470
"../../../../../WorkInProgess/RewindProject/Content/import/plant/uv/envi_plant_uv_pot.uasset" 471
"../../../../../WorkInProgess/RewindProject/Content/import/plant/uv/envi_plant_uv_rods_big.uasset" 472
"../../../../../WorkInProgess/RewindProject/Content/import/plant/uv/envi_plant_uv_rods_small.uasset" 473
"../../../../../WorkInProgess/RewindProject/Content/import/plant/uv/BP_Plant.uasset" 474
"../../../../../WorkInProgess/RewindProject/Content/Level/LVL_Blockout_BuiltData.uasset" 475
"../../../Engine/Content/BasicShapes/BasicShapeMaterial.uasset" 476
"../../../Engine/Content/BasicShapes/Cube.uasset" 477
"../../../../../WorkInProgess/RewindProject/Content/StarterContent/Textures/T_Brick_Clay_New_D.uasset" 478
"../../../../../WorkInProgess/RewindProject/Content/StarterContent/Textures/T_Brick_Clay_New_M.uasset" 479
"../../../../../WorkInProgess/RewindProject/Content/StarterContent/Textures/T_Brick_Clay_New_N.uasset" 480
"../../../../../WorkInProgess/RewindProject/Content/StarterContent/Textures/T_MacroVariation.uasset" 481
"../../../../../WorkInProgess/RewindProject/Content/StarterContent/Materials/M_Brick_Clay_New.uasset" 482
"../../../../../WorkInProgess/RewindProject/Content/Geometry/Meshes/Back_Wall.uasset" 483
"../../../../../WorkInProgess/RewindProject/Content/StarterContent/Textures/T_Perlin_Noise_M.uasset" 484
"../../../../../WorkInProgess/RewindProject/Content/StarterContent/Textures/T_Wood_Pine_D.uasset" 485
"../../../../../WorkInProgess/RewindProject/Content/StarterContent/Textures/T_Wood_Pine_N.uasset" 486
"../../../../../WorkInProgess/RewindProject/Content/StarterContent/Materials/M_Wood_Pine.uasset" 487
"../../../../../WorkInProgess/RewindProject/Content/Geometry/Meshes/Floor_Wall.uasset" 488
"../../../../../WorkInProgess/RewindProject/Content/Geometry/Meshes/Front_Wall.uasset" 489
"../../../../../WorkInProgess/RewindProject/Content/Geometry/Meshes/Left_Wall.uasset" 490
"../../../../../WorkInProgess/RewindProject/Content/Geometry/Meshes/Right_Wall.uasset" 491
"../../../../../WorkInProgess/RewindProject/Content/StarterContent/Textures/T_Concrete_Tiles_D.uasset" 492
"../../../../../WorkInProgess/RewindProject/Content/StarterContent/Textures/T_Concrete_Tiles_M.uasset" 493
"../../../../../WorkInProgess/RewindProject/Content/StarterContent/Textures/T_Concrete_Tiles_N.uasset" 494
"../../../../../WorkInProgess/RewindProject/Content/StarterContent/Textures/T_Concrete_Tiles_Variation_M.uasset" 495
"../../../../../WorkInProgess/RewindProject/Content/StarterContent/Materials/M_Concrete_Tiles.uasset" 496
"../../../../../WorkInProgess/RewindProject/Content/Geometry/Meshes/Up_Wall.uasset" 497
"../../../../../WorkInProgess/RewindProject/Content/import/BookesShelves/lambert1.uasset" 498
"../../../../../WorkInProgess/RewindProject/Content/import/BookesShelves/Envi_Bookshelf_UV.uasset" 499
"../../../../../WorkInProgess/RewindProject/Content/import/desk/Item_Desk_no_UV_Item_Desk.uasset" 500
"../../../../../WorkInProgess/RewindProject/Content/import/trash/lambert1.uasset" 501
"../../../../../WorkInProgess/RewindProject/Content/import/trash/item_Trash_UV.uasset" 502
"../../../../../WorkInProgess/RewindProject/Content/import/vault/Item_Vault_no_UV_Item_Vault_Box.uasset" 503
"../../../../../WorkInProgess/RewindProject/Content/Level/LVL_Blockout.umap" 504
"../../../../../WorkInProgess/RewindProject/Content/StarterContent/Textures/T_Metal_Aluminum_D.uasset" 505
"../../../../../WorkInProgess/RewindProject/Content/StarterContent/Textures/T_Metal_Gold_N.uasset" 506
"../../../../../WorkInProgess/RewindProject/Content/StarterContent/Materials/M_Metal_Burnished_Steel.uasset" 507
"../../../../../WorkInProgess/RewindProject/Content/StarterContent/Textures/T_Wood_Floor_Walnut_D.uasset" 508
"../../../../../WorkInProgess/RewindProject/Content/StarterContent/Textures/T_Wood_Floor_Walnut_M.uasset" 509
"../../../../../WorkInProgess/RewindProject/Content/StarterContent/Textures/T_Wood_Floor_Walnut_N.uasset" 510
"../../../../../WorkInProgess/RewindProject/Content/StarterContent/Materials/M_Wood_Floor_Walnut_Polished.uasset" 511
"../../../Engine/Content/Functions/Engine_MaterialFunctions01/Opacity/AlphaOffset.uasset" 512
"../../../../../WorkInProgess/RewindProject/Content/StarterContent/Materials/M_Wood_Floor_Walnut_Worn.uasset" 513
"../../../../../WorkInProgess/RewindProject/Content/Material/MI_BaseMaterial2.uasset" 514
"../../../../../WorkInProgess/RewindProject/Content/import/bomb/Envi_Core_Door.uasset" 515
"../../../../../WorkInProgess/RewindProject/Content/import/controller/SM_TV_controller-two-parts_noUV_button.uasset" 516
"../../../../../WorkInProgess/RewindProject/Content/import/controller/SM_TV_controller-two-parts_noUV_controller.uasset" 517
"../../../../../WorkInProgess/RewindProject/Content/import/controller/SM_TV_controller_noUV_button.uasset" 518
"../../../../../WorkInProgess/RewindProject/Content/import/controller/SM_TV_controller_noUV_controller.uasset" 519
"../../../../../WorkInProgess/RewindProject/Content/import/lamp/lamp_test.uasset" 520
"../../../../../WorkInProgess/RewindProject/Content/import/lamp/no_uv/item_desk_lamp_lamp_base.uasset" 521
"../../../../../WorkInProgess/RewindProject/Content/import/lamp/no_uv/item_desk_lamp_lamp_middle.uasset" 522
"../../../../../WorkInProgess/RewindProject/Content/import/lamp/no_uv/item_desk_lamp_lamp_root.uasset" 523
"../../../../../WorkInProgess/RewindProject/Content/import/lamp/no_uv/item_desk_lamp_lamp_up.uasset" 524
"../../../../../WorkInProgess/RewindProject/Content/import/phone/item_desk_phone_phone_holder.uasset" 525
"../../../../../WorkInProgess/RewindProject/Content/import/plant/no_uv/envi_plant_taille_redim_leaves_01.uasset" 526
"../../../../../WorkInProgess/RewindProject/Content/import/plant/no_uv/envi_plant_taille_redim_leaves_02.uasset" 527
"../../../../../WorkInProgess/RewindProject/Content/import/plant/no_uv/envi_plant_taille_redim_pot.uasset" 528
"../../../../../WorkInProgess/RewindProject/Content/import/plant/no_uv/envi_plant_taille_redim_rods_big.uasset" 529
"../../../../../WorkInProgess/RewindProject/Content/import/plant/no_uv/envi_plant_taille_redim_rods_small.uasset" 530
"../../../../../WorkInProgess/RewindProject/Content/import/pliers/SM_pliers-two-parts_noUV_pliers_handle.uasset" 531
"../../../../../WorkInProgess/RewindProject/Content/import/pliers/SM_pliers_noUV_handle1.uasset" 532
"../../../../../WorkInProgess/RewindProject/Content/import/roof/no_uv/envi_roof_lamps.uasset" 533
"../../../../../WorkInProgess/RewindProject/Content/import/roof/no_uv/envi_roof_roof.uasset" 534
"../../../../../WorkInProgess/RewindProject/Content/import/screen/envi_screen_borders.uasset" 535
"../../../../../WorkInProgess/RewindProject/Content/import/screen/envi_screen_screen.uasset" 536
"../../../../../WorkInProgess/RewindProject/Content/import/toolbox/SM_tool_box_noUV_Clap.uasset" 537
"../../../../../WorkInProgess/RewindProject/Content/import/toolbox/SM_tool_box_noUV_Handle.uasset" 538
"../../../../../WorkInProgess/RewindProject/Content/import/toolbox/SM_tool_box_noUV_Main_Box.uasset" 539
"../../../../../WorkInProgess/RewindProject/Content/import/trash/Item_Trash_no_UV_item_Trash.uasset" 540
"../../../../../WorkInProgess/RewindProject/Content/StarterContent/Textures/T_Dust_Particle_D.uasset" 541
"../../../../../WorkInProgess/RewindProject/Content/StarterContent/Particles/Materials/M_Dust_Particle.uasset" 542
"../../../../../WorkInProgess/RewindProject/Content/StarterContent/Particles/P_Ambient_Dust.uasset" 543
"../../../../../WorkInProgess/RewindProject/Content/Level/LVL_Blockout_Nico.umap" 544
"../../../../../WorkInProgess/RewindProject/Content/Blueprint/BP_LeverBase.uasset" 545
"../../../../../WorkInProgess/RewindProject/Content/Blueprint/BP_Spawner.uasset" 546
"../../../../../WorkInProgess/RewindProject/Content/UserInterfaces/UI_Main.uasset" 547
"../../../../../WorkInProgess/RewindProject/Content/System/BP_AGameMode.uasset" 548
"../../../../../WorkInProgess/RewindProject/Content/Level/TestLevel_BuiltData.uasset" 549
"../../../../../WorkInProgess/RewindProject/Content/Material/EASYGRID/M_Motif2_W_inst.uasset" 550
"../../../Engine/Content/MapTemplates/Sky/DaylightAmbientCubemap.uasset" 551
"../../../../../WorkInProgess/RewindProject/Content/Level/TestLevel.umap" 552
"../../../../../WorkInProgess/RewindProject/Content/StarterContent/Blueprints/Assets/FogBrightnessLUT.uasset" 553
"../../../../../WorkInProgess/RewindProject/Content/StarterContent/Blueprints/Assets/SunlightColorLUT.uasset" 554
"../../../../../WorkInProgess/RewindProject/Content/StarterContent/Blueprints/Assets/M_LightStage_Arrows.uasset" 555
"../../../../../WorkInProgess/RewindProject/Content/StarterContent/Blueprints/Assets/M_LightStage_Skybox_Master.uasset" 556
"../../../../../WorkInProgess/RewindProject/Content/StarterContent/Blueprints/Assets/M_LightStage_Skybox_Black.uasset" 557
"../../../../../WorkInProgess/RewindProject/Content/StarterContent/Blueprints/Assets/M_LightStage_Skybox_HDRI.uasset" 558
"../../../Engine/Content/EditorMaterials/Thumbnails/SkySphereMaterial.uasset" 559
"../../../../../WorkInProgess/RewindProject/Content/StarterContent/Blueprints/Assets/Skybox.uasset" 560
"../../../../../WorkInProgess/RewindProject/Content/StarterContent/Blueprints/Assets/SM_Arrows.uasset" 561
"../../../../../WorkInProgess/RewindProject/Content/StarterContent/HDRI/HDRI_Epic_Courtyard_Daylight.uasset" 562
"../../../../../WorkInProgess/RewindProject/Content/StarterContent/Blueprints/BP_LightStudio.uasset" 563
"../../../../../WorkInProgess/RewindProject/Content/StarterContent/Maps/Advanced_Lighting_BuiltData.uasset" 564
"../../../../../WorkInProgess/RewindProject/Content/StarterContent/Materials/M_AssetPlatform.uasset" 565
"../../../Engine/Content/EditorMeshes/ColorCalibrator/M_ChromeBall.uasset" 566
"../../../Engine/Content/EditorMeshes/ColorCalibrator/M_ClearCoat.uasset" 567
"../../../Engine/Content/EditorMeshes/ColorCalibrator/M_ClearCoatBlack.uasset" 568
"../../../Engine/Content/EditorMeshes/ColorCalibrator/Color_checker.uasset" 569
"../../../Engine/Content/EditorMeshes/ColorCalibrator/M_ColorGrid.uasset" 570
"../../../Engine/Content/EditorMeshes/ColorCalibrator/M_GreyBall.uasset" 571
"../../../Engine/Content/EditorMeshes/ColorCalibrator/SM_ColorCalibrator.uasset" 572
"../../../../../WorkInProgess/RewindProject/Content/StarterContent/Architecture/SM_AssetPlatform.uasset" 573
"../../../../../WorkInProgess/RewindProject/Content/StarterContent/Maps/Advanced_Lighting.umap" 574
"../../../Engine/Content/EngineSky/C_Sky_Cloud_Color.uasset" 575
"../../../Engine/Content/EngineSky/C_Sky_Horizon_Color.uasset" 576
"../../../Engine/Content/EngineSky/C_Sky_Zenith_Color.uasset" 577
"../../../Engine/Content/EngineSky/T_Sky_Blue.uasset" 578
"../../../Engine/Content/EngineSky/T_Sky_Clouds_M.uasset" 579
"../../../Engine/Content/EngineSky/T_Sky_Stars.uasset" 580
"../../../Engine/Content/EngineSky/M_Sky_Panning_Clouds2.uasset" 581
"../../../Engine/Content/EngineSky/SM_SkySphere.uasset" 582
"../../../Engine/Content/EngineSky/BP_Sky_Sphere.uasset" 583
"../../../../../WorkInProgess/RewindProject/Content/StarterContent/Maps/Minimal_Default_BuiltData.uasset" 584
"../../../../../WorkInProgess/RewindProject/Content/StarterContent/Materials/M_Metal_Brushed_Nickel.uasset" 585
"../../../../../WorkInProgess/RewindProject/Content/StarterContent/Textures/T_Metal_Copper_D.uasset" 586
"../../../../../WorkInProgess/RewindProject/Content/StarterContent/Materials/M_Metal_Copper.uasset" 587
"../../../../../WorkInProgess/RewindProject/Content/StarterContent/Textures/T_Statue_M.uasset" 588
"../../../../../WorkInProgess/RewindProject/Content/StarterContent/Textures/T_Statue_N.uasset" 589
"../../../../../WorkInProgess/RewindProject/Content/StarterContent/Props/Materials/M_StatueGlass.uasset" 590
"../../../../../WorkInProgess/RewindProject/Content/StarterContent/Architecture/Floor_400x400.uasset" 591
"../../../../../WorkInProgess/RewindProject/Content/StarterContent/Audio/Starter_Background_Cue.uasset" 592
"../../../../../WorkInProgess/RewindProject/Content/StarterContent/Props/SM_Chair.uasset" 593
"../../../../../WorkInProgess/RewindProject/Content/StarterContent/Props/Materials/M_Statue.uasset" 594
"../../../../../WorkInProgess/RewindProject/Content/StarterContent/Props/SM_Statue.uasset" 595
"../../../../../WorkInProgess/RewindProject/Content/StarterContent/Textures/T_TableRound_M.uasset" 596
"../../../../../WorkInProgess/RewindProject/Content/StarterContent/Textures/T_TableRound_N.uasset" 597
"../../../../../WorkInProgess/RewindProject/Content/StarterContent/Props/Materials/M_TableRound.uasset" 598
"../../../../../WorkInProgess/RewindProject/Content/StarterContent/Props/SM_TableRound.uasset" 599
"../../../../../WorkInProgess/RewindProject/Content/StarterContent/Maps/Minimal_Default.umap" 600
"../../../../../WorkInProgess/RewindProject/Content/StarterContent/Audio/Fire01_Cue.uasset" 601
"../../../../../WorkInProgess/RewindProject/Content/StarterContent/Textures/T_Fire_SubUV.uasset" 602
"../../../../../WorkInProgess/RewindProject/Content/StarterContent/Textures/T_Fire_Tiled_D.uasset" 603
"../../../../../WorkInProgess/RewindProject/Content/StarterContent/Particles/Materials/M_Fire_SubUV.uasset" 604
"../../../../../WorkInProgess/RewindProject/Content/StarterContent/Textures/T_Water_N.uasset" 605
"../../../../../WorkInProgess/RewindProject/Content/StarterContent/Particles/Materials/M_Heat_Distortion.uasset" 606
"../../../../../WorkInProgess/RewindProject/Content/StarterContent/Particles/Materials/M_Radial_Gradient.uasset" 607
"../../../../../WorkInProgess/RewindProject/Content/StarterContent/Particles/P_Fire.uasset" 608
"../../../../../WorkInProgess/RewindProject/Content/StarterContent/Blueprints/Blueprint_Effect_Fire.uasset" 609
"../../../../../WorkInProgess/RewindProject/Content/StarterContent/Audio/Smoke01_Cue.uasset" 610
"../../../../../WorkInProgess/RewindProject/Content/StarterContent/Particles/P_Smoke.uasset" 611
"../../../../../WorkInProgess/RewindProject/Content/StarterContent/Blueprints/Blueprint_Effect_Smoke.uasset" 612
"../../../../../WorkInProgess/RewindProject/Content/StarterContent/Audio/Fire_Sparks01_Cue.uasset" 613
"../../../../../WorkInProgess/RewindProject/Content/StarterContent/Textures/T_Spark_Core.uasset" 614
"../../../../../WorkInProgess/RewindProject/Content/StarterContent/Particles/Materials/M_Spark.uasset" 615
"../../../../../WorkInProgess/RewindProject/Content/StarterContent/Particles/P_Sparks.uasset" 616
"../../../../../WorkInProgess/RewindProject/Content/StarterContent/Blueprints/Blueprint_Effect_Sparks.uasset" 617
"../../../../../WorkInProgess/RewindProject/Content/StarterContent/Audio/Steam01_Cue.uasset" 618
"../../../../../WorkInProgess/RewindProject/Content/StarterContent/Blueprints/Blueprint_Effect_Steam.uasset" 619
"../../../../../WorkInProgess/RewindProject/Content/StarterContent/Textures/T_Lamp_M.uasset" 620
"../../../../../WorkInProgess/RewindProject/Content/StarterContent/Textures/T_Lamp_N.uasset" 621
"../../../../../WorkInProgess/RewindProject/Content/StarterContent/Props/Materials/M_Lamp.uasset" 622
"../../../../../WorkInProgess/RewindProject/Content/StarterContent/Props/SM_Lamp_Ceiling.uasset" 623
"../../../../../WorkInProgess/RewindProject/Content/StarterContent/Blueprints/Blueprint_CeilingLight.uasset" 624
"../../../../../WorkInProgess/RewindProject/Content/StarterContent/Props/SM_Lamp_Wall.uasset" 625
"../../../../../WorkInProgess/RewindProject/Content/StarterContent/Blueprints/Blueprint_WallSconce.uasset" 626
"../../../../../WorkInProgess/RewindProject/Content/StarterContent/Maps/StarterMap_BuiltData.uasset" 627
"../../../Engine/Content/Functions/Engine_MaterialFunctions03/Procedurals/ComputeFilterWidth.uasset" 628
"../../../Engine/Content/EngineMaterials/AntiAliasedTextMaterialTranslucent.uasset" 629
"../../../../../WorkInProgess/RewindProject/Content/StarterContent/Textures/T_Brick_Clay_Beveled_D.uasset" 630
"../../../../../WorkInProgess/RewindProject/Content/StarterContent/Textures/T_Brick_Clay_Beveled_M.uasset" 631
"../../../../../WorkInProgess/RewindProject/Content/StarterContent/Textures/T_Brick_Clay_Beveled_N.uasset" 632
"../../../../../WorkInProgess/RewindProject/Content/StarterContent/Materials/M_Brick_Clay_Beveled.uasset" 633
"../../../../../WorkInProgess/RewindProject/Content/StarterContent/Textures/T_Brick_Clay_Old_D.uasset" 634
"../../../../../WorkInProgess/RewindProject/Content/StarterContent/Textures/T_Brick_Clay_Old_N.uasset" 635
"../../../../../WorkInProgess/RewindProject/Content/StarterContent/Materials/M_Brick_Clay_Old.uasset" 636
"../../../../../WorkInProgess/RewindProject/Content/StarterContent/Textures/T_Brick_Cut_Stone_D.uasset" 637
"../../../../../WorkInProgess/RewindProject/Content/StarterContent/Textures/T_Brick_Cut_Stone_N.uasset" 638
"../../../../../WorkInProgess/RewindProject/Content/StarterContent/Materials/M_Brick_Cut_Stone.uasset" 639
"../../../../../WorkInProgess/RewindProject/Content/StarterContent/Textures/T_Brick_Hewn_Stone_D.uasset" 640
"../../../../../WorkInProgess/RewindProject/Content/StarterContent/Textures/T_Brick_Hewn_Stone_M.uasset" 641
"../../../../../WorkInProgess/RewindProject/Content/StarterContent/Textures/T_Brick_Hewn_Stone_N.uasset" 642
"../../../../../WorkInProgess/RewindProject/Content/StarterContent/Materials/M_Brick_Hewn_Stone.uasset" 643
"../../../../../WorkInProgess/RewindProject/Content/StarterContent/Textures/T_Ceramic_Tile_M.uasset" 644
"../../../../../WorkInProgess/RewindProject/Content/StarterContent/Textures/T_Ceramic_Tile_N.uasset" 645
"../../../../../WorkInProgess/RewindProject/Content/StarterContent/Textures/T_Rock_Marble_Polished_D.uasset" 646
"../../../../../WorkInProgess/RewindProject/Content/StarterContent/Materials/M_Ceramic_Tile_Checker.uasset" 647
"../../../../../WorkInProgess/RewindProject/Content/StarterContent/Textures/T_CobbleStone_Pebble_D.uasset" 648
"../../../../../WorkInProgess/RewindProject/Content/StarterContent/Textures/T_CobbleStone_Pebble_M.uasset" 649
"../../../../../WorkInProgess/RewindProject/Content/StarterContent/Textures/T_CobbleStone_Pebble_N.uasset" 650
"../../../../../WorkInProgess/RewindProject/Content/StarterContent/Materials/M_CobbleStone_Pebble.uasset" 651
"../../../../../WorkInProgess/RewindProject/Content/StarterContent/Textures/T_CobbleStone_Rough_D.uasset" 652
"../../../../../WorkInProgess/RewindProject/Content/StarterContent/Textures/T_CobbleStone_Rough_N.uasset" 653
"../../../../../WorkInProgess/RewindProject/Content/StarterContent/Textures/T_Gradinet_01.uasset" 654
"../../../../../WorkInProgess/RewindProject/Content/StarterContent/Textures/T_Rock_Smooth_Granite_D.uasset" 655
"../../../../../WorkInProgess/RewindProject/Content/StarterContent/Materials/M_CobbleStone_Rough.uasset" 656
"../../../../../WorkInProgess/RewindProject/Content/StarterContent/Textures/T_CobbleStone_Smooth_D.uasset" 657
"../../../../../WorkInProgess/RewindProject/Content/StarterContent/Textures/T_CobbleStone_Smooth_M.uasset" 658
"../../../../../WorkInProgess/RewindProject/Content/StarterContent/Textures/T_CobbleStone_Smooth_N.uasset" 659
"../../../../../WorkInProgess/RewindProject/Content/StarterContent/Materials/M_CobbleStone_Smooth.uasset" 660
"../../../../../WorkInProgess/RewindProject/Content/StarterContent/Textures/T_Concrete_Grime_D.uasset" 661
"../../../../../WorkInProgess/RewindProject/Content/StarterContent/Textures/T_Metal_Rust_N.uasset" 662
"../../../../../WorkInProgess/RewindProject/Content/StarterContent/Materials/M_Concrete_Grime.uasset" 663
"../../../../../WorkInProgess/RewindProject/Content/StarterContent/Textures/T_Concrete_Panels_D.uasset" 664
"../../../../../WorkInProgess/RewindProject/Content/StarterContent/Textures/T_Concrete_Panels_N.uasset" 665
"../../../../../WorkInProgess/RewindProject/Content/StarterContent/Materials/M_Concrete_Panels.uasset" 666
"../../../../../WorkInProgess/RewindProject/Content/StarterContent/Textures/T_Concrete_Poured_D.uasset" 667
"../../../../../WorkInProgess/RewindProject/Content/StarterContent/Textures/T_Concrete_Poured_N.uasset" 668
"../../../../../WorkInProgess/RewindProject/Content/StarterContent/Materials/M_Concrete_Poured.uasset" 669
"../../../../../WorkInProgess/RewindProject/Content/StarterContent/Textures/T_Ground_Grass_D.uasset" 670
"../../../../../WorkInProgess/RewindProject/Content/StarterContent/Textures/T_Ground_Grass_N.uasset" 671
"../../../../../WorkInProgess/RewindProject/Content/StarterContent/Materials/M_Ground_Grass.uasset" 672
"../../../../../WorkInProgess/RewindProject/Content/StarterContent/Textures/T_Ground_Gravel_D.uasset" 673
"../../../../../WorkInProgess/RewindProject/Content/StarterContent/Textures/T_Ground_Gravel_N.uasset" 674
"../../../../../WorkInProgess/RewindProject/Content/StarterContent/Materials/M_Ground_Gravel.uasset" 675
"../../../../../WorkInProgess/RewindProject/Content/StarterContent/Textures/T_ground_Moss_D.uasset" 676
"../../../../../WorkInProgess/RewindProject/Content/StarterContent/Textures/T_Ground_Moss_N.uasset" 677
"../../../../../WorkInProgess/RewindProject/Content/StarterContent/Materials/M_Ground_Moss.uasset" 678
"../../../../../WorkInProgess/RewindProject/Content/StarterContent/Materials/M_Metal_Chrome.uasset" 679
"../../../../../WorkInProgess/RewindProject/Content/StarterContent/Textures/T_Metal_Gold_D.uasset" 680
"../../../../../WorkInProgess/RewindProject/Content/StarterContent/Materials/M_Metal_Gold.uasset" 681
"../../../../../WorkInProgess/RewindProject/Content/StarterContent/Textures/T_Metal_Rust_D.uasset" 682
"../../../../../WorkInProgess/RewindProject/Content/StarterContent/Materials/M_Metal_Rust.uasset" 683
"../../../../../WorkInProgess/RewindProject/Content/StarterContent/Textures/T_Metal_Steel_D.uasset" 684
"../../../../../WorkInProgess/RewindProject/Content/StarterContent/Textures/T_Metal_Steel_N.uasset" 685
"../../../../../WorkInProgess/RewindProject/Content/StarterContent/Materials/M_Metal_Steel.uasset" 686
"../../../../../WorkInProgess/RewindProject/Content/StarterContent/Textures/T_Rock_Basalt_N.uasset" 687
"../../../../../WorkInProgess/RewindProject/Content/StarterContent/Materials/M_Rock_Basalt.uasset" 688
"../../../../../WorkInProgess/RewindProject/Content/StarterContent/Materials/M_Rock_Marble_Polished.uasset" 689
"../../../../../WorkInProgess/RewindProject/Content/StarterContent/Textures/T_Rock_Sandstone_D.uasset" 690
"../../../../../WorkInProgess/RewindProject/Content/StarterContent/Textures/T_Rock_Sandstone_N.uasset" 691
"../../../../../WorkInProgess/RewindProject/Content/StarterContent/Materials/M_Rock_Sandstone.uasset" 692
"../../../../../WorkInProgess/RewindProject/Content/StarterContent/Textures/T_Rock_Slate_D.uasset" 693
"../../../../../WorkInProgess/RewindProject/Content/StarterContent/Textures/T_Rock_Slate_N.uasset" 694
"../../../../../WorkInProgess/RewindProject/Content/StarterContent/Materials/M_Rock_Slate.uasset" 695
"../../../../../WorkInProgess/RewindProject/Content/StarterContent/Textures/T_Checker_Noise_M.uasset" 696
"../../../../../WorkInProgess/RewindProject/Content/StarterContent/Textures/T_Single_Tile_N.uasset" 697
"../../../../../WorkInProgess/RewindProject/Content/StarterContent/Textures/T_Tech_Dot_M.uasset" 698
"../../../../../WorkInProgess/RewindProject/Content/StarterContent/Textures/T_Tech_Dot_N.uasset" 699
"../../../../../WorkInProgess/RewindProject/Content/StarterContent/Materials/M_Tech_Checker_Dot.uasset" 700
"../../../../../WorkInProgess/RewindProject/Content/StarterContent/Textures/T_Tech_Hex_Tile_M.uasset" 701
"../../../../../WorkInProgess/RewindProject/Content/StarterContent/Textures/T_Tech_Hex_Tile_N.uasset" 702
"../../../../../WorkInProgess/RewindProject/Content/StarterContent/Materials/M_Tech_Hex_Tile.uasset" 703
"../../../../../WorkInProgess/RewindProject/Content/StarterContent/Materials/M_Tech_Hex_Tile_Pulse.uasset" 704
"../../../../../WorkInProgess/RewindProject/Content/StarterContent/Textures/T_Tech_Panel_M.uasset" 705
"../../../../../WorkInProgess/RewindProject/Content/StarterContent/Textures/T_Tech_Panel_N.uasset" 706
"../../../../../WorkInProgess/RewindProject/Content/StarterContent/Materials/M_Tech_Panel.uasset" 707
"../../../../../WorkInProgess/RewindProject/Content/StarterContent/Materials/M_Water_Lake.uasset" 708
"../../../../../WorkInProgess/RewindProject/Content/StarterContent/Textures/T_Water_M.uasset" 709
"../../../../../WorkInProgess/RewindProject/Content/StarterContent/Materials/M_Water_Ocean.uasset" 710
"../../../../../WorkInProgess/RewindProject/Content/StarterContent/Textures/T_Wood_Oak_D.uasset" 711
"../../../../../WorkInProgess/RewindProject/Content/StarterContent/Textures/T_Wood_Oak_N.uasset" 712
"../../../../../WorkInProgess/RewindProject/Content/StarterContent/Materials/M_Wood_Oak.uasset" 713
"../../../../../WorkInProgess/RewindProject/Content/StarterContent/Textures/T_Wood_Walnut_D.uasset" 714
"../../../../../WorkInProgess/RewindProject/Content/StarterContent/Textures/T_Wood_Walnut_N.uasset" 715
"../../../../../WorkInProgess/RewindProject/Content/StarterContent/Materials/M_Wood_Walnut.uasset" 716
"../../../../../WorkInProgess/RewindProject/Content/StarterContent/Architecture/Wall_400x200.uasset" 717
"../../../../../WorkInProgess/RewindProject/Content/StarterContent/Architecture/Wall_Door_400x300.uasset" 718
"../../../../../WorkInProgess/RewindProject/Content/StarterContent/Architecture/Wall_Window_400x300.uasset" 719
"../../../../../WorkInProgess/RewindProject/Content/StarterContent/Audio/Collapse_Cue.uasset" 720
"../../../../../WorkInProgess/RewindProject/Content/StarterContent/Audio/Starter_Music_Cue.uasset" 721
"../../../../../WorkInProgess/RewindProject/Content/StarterContent/Props/MaterialSphere.uasset" 722
"../../../../../WorkInProgess/RewindProject/Content/StarterContent/Textures/T_Frame_M.uasset" 723
"../../../../../WorkInProgess/RewindProject/Content/StarterContent/Textures/T_Frame_N.uasset" 724
"../../../../../WorkInProgess/RewindProject/Content/StarterContent/Props/Materials/M_Frame.uasset" 725
"../../../../../WorkInProgess/RewindProject/Content/StarterContent/Props/SM_CornerFrame.uasset" 726
"../../../../../WorkInProgess/RewindProject/Content/StarterContent/Props/SM_DoorFrame.uasset" 727
"../../../../../WorkInProgess/RewindProject/Content/StarterContent/Props/SM_GlassWindow.uasset" 728
"../../../../../WorkInProgess/RewindProject/Content/StarterContent/Props/SM_PillarFrame.uasset" 729
"../../../../../WorkInProgess/RewindProject/Content/StarterContent/Props/SM_PillarFrame300.uasset" 730
"../../../../../WorkInProgess/RewindProject/Content/StarterContent/Props/SM_WindowFrame.uasset" 731
"../../../../../WorkInProgess/RewindProject/Content/StarterContent/Shapes/Shape_Cube.uasset" 732
"../../../../../WorkInProgess/RewindProject/Content/StarterContent/Shapes/Shape_QuadPyramid.uasset" 733
"../../../../../WorkInProgess/RewindProject/Content/StarterContent/Maps/StarterMap.umap" 734
"../../../Engine/Content/Maps/Entry_BuiltData.uasset" 735
"../../../Engine/Content/Maps/Entry.umap" 736
